app/components/Board.tsx(1,47): error TS6133: 'useCallback' is declared but its value is never read.
app/components/Board.tsx(3,1): error TS6133: 'confetti' is declared but its value is never read.
app/components/Board.tsx(7,10): error TS6133: 'useMultiplayerContext' is declared but its value is never read.
app/components/Board.tsx(7,46): error TS6133: 'GameState' is declared but its value is never read.
app/components/Board.tsx(8,1): error TS6133: 'processMove' is declared but its value is never read.
app/components/Board.tsx(9,1): error TS6133: 'getBestMove' is declared but its value is never read.
app/components/Board.tsx(11,12): error TS6133: 'PathCell' is declared but its value is never read.
app/components/Board.tsx(12,5): error TS6133: 'SHARED_PATH' is declared but its value is never read.
app/components/Board.tsx(12,32): error TS6133: 'VALID_COLOR_ARRANGEMENTS' is declared but its value is never read.
app/components/Board.tsx(13,43): error TS6133: 'cornerToColor' is declared but its value is never read.
app/components/Board.tsx(14,28): error TS6133: 'SAFE_POSITIONS' is declared but its value is never read.
app/components/Board.tsx(17,1): error TS6133: 'recordMatchResult' is declared but its value is never read.
app/components/Board.tsx(131,11): error TS6133: 'teamLetter' is declared but its value is never read.
app/components/Board.tsx(191,5): error TS6133: 'strikes' is declared but its value is never read.
app/components/Board.tsx(279,11): error TS6133: 'setColorCorner' is declared but its value is never read.
app/components/Board.tsx(281,11): error TS6133: 'setPlayerPaths' is declared but its value is never read.
app/components/Board.tsx(284,11): error TS6133: 'address' is declared but its value is never read.
app/components/Board.tsx(285,11): error TS6133: 'hasRecordedWin' is declared but its value is never read.
app/components/Board.tsx(296,9): error TS6133: 'checkWin' is declared but its value is never read.
app/components/FooterNavPanel.tsx(3,1): error TS6133: 'React' is declared but its value is never read.
app/components/FriendsPanel.tsx(1,8): error TS6133: 'React' is declared but its value is never read.
app/components/FriendsPanel.tsx(61,12): error TS6133: 'isLoading' is declared but its value is never read.
app/components/GameLobby.tsx(3,8): error TS6133: 'React' is declared but its value is never read.
app/components/GameLobby.tsx(40,12): error TS6133: 'inputRoomId' is declared but its value is never read.
app/components/GameLobby.tsx(40,25): error TS6133: 'setInputRoomId' is declared but its value is never read.
app/components/HeaderNavPanel.tsx(3,1): error TS6133: 'React' is declared but its value is never read.
app/components/MessagesPanel.tsx(3,8): error TS6133: 'React' is declared but its value is never read.
app/components/PlayWithFriendsPanel.tsx(1,8): error TS6133: 'React' is declared but its value is never read.
app/components/PlayWithFriendsPanel.tsx(5,80): error TS6133: 'isHost' is declared but its value is never read.
app/components/ProfileSyncer.tsx(3,8): error TS6133: 'React' is declared but its value is never read.
app/components/QuickMatchPanel.tsx(3,8): error TS6133: 'React' is declared but its value is never read.
app/components/SettingsPanel.tsx(3,8): error TS6133: 'React' is declared but its value is never read.
app/components/SnakesBoard.tsx(79,5): error TS6133: 'strikes' is declared but its value is never read.
app/components/SnakesBoard.tsx(80,5): error TS6133: 'power' is declared but its value is never read.
app/components/SnakesBoard.tsx(92,11): error TS6133: 'powerEmojis' is declared but its value is never read.
app/components/SnakesBoard.tsx(165,21): error TS6133: 'setPlayers' is declared but its value is never read.
app/components/SnakesBoard.tsx(474,35): error TS6133: 'cellNum' is declared but its value is never read.
app/components/UserProfilePanel.tsx(3,8): error TS6133: 'React' is declared but its value is never read.
app/components/UserProfilePanel.tsx(4,18): error TS6133: 'AnimatePresence' is declared but its value is never read.
app/components/UserProfilePanel.tsx(8,22): error TS6133: 'address' is declared but its value is never read.
app/components/WalletConnectCard.tsx(1,8): error TS6133: 'React' is declared but its value is never read.
app/components/WalletConnectCard.tsx(9,43): error TS6133: 'onConnect' is declared but its value is never read.
app/page.tsx(7,1): error TS6133: 'ThemeSwitcher' is declared but its value is never read.
app/page.tsx(8,1): error TS6133: 'FriendsPanel' is declared but its value is never read.
app/page.tsx(9,1): error TS6133: 'UserProfilePanel' is declared but its value is never read.
app/page.tsx(12,1): error TS6133: 'Leaderboard' is declared but its value is never read.
app/page.tsx(13,1): error TS6133: 'MissionPanel' is declared but its value is never read.
app/page.tsx(14,1): error TS6133: 'MarketplacePanel' is declared but its value is never read.
app/page.tsx(15,1): error TS6133: 'MessagesPanel' is declared but its value is never read.
app/page.tsx(21,1): error TS6192: All imports in import declaration are unused.
app/page.tsx(22,1): error TS6192: All imports in import declaration are unused.
app/page.tsx(27,10): error TS6133: 'TabPanel' is declared but its value is never read.
app/page.tsx(72,7): error TS6133: 'USER' is declared but its value is never read.
app/page.tsx(127,20): error TS6133: 'address' is declared but its value is never read.
app/page.tsx(128,47): error TS6133: 'isLobbyConnected' is declared but its value is never read.
app/page.tsx(153,29): error TS6133: 'e' is declared but its value is never read.
app/page.tsx(186,9): error TS6133: 'handlePlayNow' is declared but its value is never read.
hooks/MultiplayerContext.tsx(3,8): error TS6133: 'React' is declared but its value is never read.
hooks/useGameEngine.ts(196,113): error TS6133: 'targetPosition' is declared but its value is never read.
hooks/useGameEngine.ts(200,41): error TS6133: 'bonusRoll' is declared but its value is never read.
lib/aiEngine.ts(1,1): error TS6133: 'GameState' is declared but its value is never read.
