app/components/Board.tsx(33,29): error TS2304: Cannot find name 'Player'.
app/components/Board.tsx(33,56): error TS2304: Cannot find name 'Player'.
app/components/Board.tsx(40,97): error TS2304: Cannot find name 'Player'.
app/components/Board.tsx(71,31): error TS2304: Cannot find name 'Player'.
app/components/Board.tsx(79,31): error TS2304: Cannot find name 'Player'.
app/components/Board.tsx(83,25): error TS2304: Cannot find name 'Player'.
app/components/Board.tsx(126,14): error TS2304: Cannot find name 'Player'.
app/components/Board.tsx(196,13): error TS2304: Cannot find name 'Player'.
app/components/Board.tsx(200,12): error TS2304: Cannot find name 'PowerType'.
app/components/Board.tsx(205,31): error TS2304: Cannot find name 'PowerType'.
app/components/Board.tsx(268,44): error TS2304: Cannot find name 'Player'.
app/components/Board.tsx(281,58): error TS2304: Cannot find name 'Player'.
app/components/Board.tsx(296,9): error TS2304: Cannot find name 'useGameEngine'.
app/components/Board.tsx(322,54): error TS7006: Parameter 'pos' implicitly has an 'any' type.
app/components/Board.tsx(322,59): error TS7006: Parameter 'idx' implicitly has an 'any' type.
app/components/Board.tsx(404,35): error TS7006: Parameter 'pos' implicitly has an 'any' type.
app/components/Board.tsx(404,40): error TS7006: Parameter 'idx' implicitly has an 'any' type.
app/components/Board.tsx(405,37): error TS7006: Parameter 'idx' implicitly has an 'any' type.
app/components/Board.tsx(430,90): error TS7006: Parameter 'p' implicitly has an 'any' type.
app/components/Board.tsx(452,72): error TS7006: Parameter 'pt' implicitly has an 'any' type.
app/components/Board.tsx(453,70): error TS7006: Parameter 't' implicitly has an 'any' type.
app/components/FriendsPanel.tsx(54,30): error TS2339: Property 'fid' does not exist on type '{ username: string | null; avatar_url: string | null; displayName: string; }'.
